2023-09-25 23:40:55,574 [Worker-6: Loading available Gradle versions] INFO  o.e.b.c.i.u.g.PublishedGradleVersions - Gradle version information cache is out-of-date. Trying to update.
2023-09-25 23:42:35,530 [Worker-15: Creating project "maven_dynamicweb_test"] INFO  o.e.m.c.i.l.LifecycleMappingFactory - Using org.eclipse.m2e.jdt.JarLifecycleMapping lifecycle mapping for MavenProject: com.bpm.test:maven_dynamicweb_test:0.0.1-SNAPSHOT @ D:\Test\maven_dynamicweb_test\pom.xml.
2023-09-25 23:42:36,154 [Worker-15: Creating project "maven_dynamicweb_test"] INFO  o.e.m.j.i.AbstractJavaProjectConfigurator - Adding source folder /maven_dynamicweb_test/src/main/java
2023-09-25 23:42:36,155 [Worker-15: Creating project "maven_dynamicweb_test"] INFO  o.e.m.j.i.AbstractJavaProjectConfigurator - Adding resource folder /maven_dynamicweb_test/src/main/resources
2023-09-25 23:42:36,156 [Worker-15: Creating project "maven_dynamicweb_test"] INFO  o.e.m.j.i.AbstractJavaProjectConfigurator - Adding source folder /maven_dynamicweb_test/src/test/java
2023-09-25 23:42:36,156 [Worker-15: Creating project "maven_dynamicweb_test"] INFO  o.e.m.j.i.AbstractJavaProjectConfigurator - Adding resource folder /maven_dynamicweb_test/src/test/resources
2023-09-25 23:42:37,522 [Worker-15: Creating project "maven_dynamicweb_test"] WARN  o.e.m.c.i.embedder.EclipseLogger - Using platform encoding (MS950 actually) to copy filtered resources, i.e. build is platform dependent!
2023-09-25 23:42:37,525 [Worker-15: Creating project "maven_dynamicweb_test"] INFO  o.e.m.c.i.embedder.EclipseLogger - Copying 0 resource
2023-09-25 23:42:37,528 [Worker-15: Creating project "maven_dynamicweb_test"] WARN  o.e.m.c.i.embedder.EclipseLogger - Using platform encoding (MS950 actually) to copy filtered resources, i.e. build is platform dependent!
2023-09-25 23:42:37,529 [Worker-15: Creating project "maven_dynamicweb_test"] INFO  o.e.m.c.i.embedder.EclipseLogger - Copying 0 resource
2023-09-25 23:42:37,924 [Worker-15: Building] WARN  o.e.m.c.i.embedder.EclipseLogger - Using platform encoding (MS950 actually) to copy filtered resources, i.e. build is platform dependent!
2023-09-25 23:42:37,927 [Worker-15: Building] INFO  o.e.m.c.i.embedder.EclipseLogger - Copying 0 resource
2023-09-25 23:42:37,929 [Worker-15: Building] WARN  o.e.m.c.i.embedder.EclipseLogger - Using platform encoding (MS950 actually) to copy filtered resources, i.e. build is platform dependent!
2023-09-25 23:42:37,930 [Worker-15: Building] INFO  o.e.m.c.i.embedder.EclipseLogger - Copying 0 resource
2023-09-25 23:44:01,716 [Worker-17: Loading available Gradle versions] INFO  o.e.b.c.i.u.g.PublishedGradleVersions - Gradle version information cache is up-to-date. Trying to read.
2023-09-25 23:45:03,269 [Worker-23: Building] WARN  o.e.m.c.i.embedder.EclipseLogger - Using platform encoding (MS950 actually) to copy filtered resources, i.e. build is platform dependent!
2023-09-25 23:45:03,273 [Worker-23: Building] INFO  o.e.m.c.i.embedder.EclipseLogger - Copying 0 resource
2023-09-25 23:45:03,276 [Worker-23: Building] WARN  o.e.m.c.i.embedder.EclipseLogger - Using platform encoding (MS950 actually) to copy filtered resources, i.e. build is platform dependent!
2023-09-25 23:45:03,277 [Worker-23: Building] INFO  o.e.m.c.i.embedder.EclipseLogger - Copying 0 resource
2023-09-25 23:45:24,449 [Worker-11: Building Project maven_dynamicweb_test] WARN  o.e.m.c.i.embedder.EclipseLogger - Using platform encoding (MS950 actually) to copy filtered resources, i.e. build is platform dependent!
2023-09-25 23:45:24,450 [Worker-11: Building Project maven_dynamicweb_test] INFO  o.e.m.c.i.embedder.EclipseLogger - Copying 0 resource
2023-09-25 23:45:24,453 [Worker-11: Building Project maven_dynamicweb_test] WARN  o.e.m.c.i.embedder.EclipseLogger - Using platform encoding (MS950 actually) to copy filtered resources, i.e. build is platform dependent!
2023-09-25 23:45:24,454 [Worker-11: Building Project maven_dynamicweb_test] INFO  o.e.m.c.i.embedder.EclipseLogger - Copying 0 resource
2023-09-25 23:45:50,569 [Worker-1: Building] WARN  o.e.m.c.i.embedder.EclipseLogger - Using platform encoding (MS950 actually) to copy filtered resources, i.e. build is platform dependent!
2023-09-25 23:45:50,570 [Worker-1: Building] INFO  o.e.m.c.i.embedder.EclipseLogger - Copying 0 resource
2023-09-25 23:45:50,572 [Worker-1: Building] WARN  o.e.m.c.i.embedder.EclipseLogger - Using platform encoding (MS950 actually) to copy filtered resources, i.e. build is platform dependent!
2023-09-25 23:45:50,573 [Worker-1: Building] INFO  o.e.m.c.i.embedder.EclipseLogger - Copying 0 resource
2023-09-25 23:45:52,031 [Worker-2: Building] WARN  o.e.m.c.i.embedder.EclipseLogger - Using platform encoding (MS950 actually) to copy filtered resources, i.e. build is platform dependent!
2023-09-25 23:45:52,032 [Worker-2: Building] INFO  o.e.m.c.i.embedder.EclipseLogger - Copying 0 resource
2023-09-25 23:45:52,033 [Worker-2: Building] WARN  o.e.m.c.i.embedder.EclipseLogger - Using platform encoding (MS950 actually) to copy filtered resources, i.e. build is platform dependent!
2023-09-25 23:45:52,034 [Worker-2: Building] INFO  o.e.m.c.i.embedder.EclipseLogger - Copying 0 resource
2023-09-25 23:46:48,616 [Worker-11: Building] WARN  o.e.m.c.i.embedder.EclipseLogger - Using platform encoding (MS950 actually) to copy filtered resources, i.e. build is platform dependent!
2023-09-25 23:46:48,617 [Worker-11: Building] INFO  o.e.m.c.i.embedder.EclipseLogger - Copying 0 resource
2023-09-25 23:46:48,618 [Worker-11: Building] WARN  o.e.m.c.i.embedder.EclipseLogger - Using platform encoding (MS950 actually) to copy filtered resources, i.e. build is platform dependent!
2023-09-25 23:46:48,618 [Worker-11: Building] INFO  o.e.m.c.i.embedder.EclipseLogger - Copying 0 resource
2023-09-25 23:48:10,948 [Worker-0: Building] WARN  o.e.m.c.i.embedder.EclipseLogger - Using platform encoding (MS950 actually) to copy filtered resources, i.e. build is platform dependent!
2023-09-25 23:48:10,956 [Worker-0: Building] INFO  o.e.m.c.i.embedder.EclipseLogger - Copying 0 resource
2023-09-25 23:48:10,958 [Worker-0: Building] WARN  o.e.m.c.i.embedder.EclipseLogger - Using platform encoding (MS950 actually) to copy filtered resources, i.e. build is platform dependent!
2023-09-25 23:48:10,960 [Worker-0: Building] INFO  o.e.m.c.i.embedder.EclipseLogger - Copying 0 resource
2023-09-25 23:48:12,026 [Worker-1: Building] WARN  o.e.m.c.i.embedder.EclipseLogger - Using platform encoding (MS950 actually) to copy filtered resources, i.e. build is platform dependent!
2023-09-25 23:48:12,027 [Worker-1: Building] INFO  o.e.m.c.i.embedder.EclipseLogger - Copying 0 resource
2023-09-25 23:48:12,029 [Worker-1: Building] WARN  o.e.m.c.i.embedder.EclipseLogger - Using platform encoding (MS950 actually) to copy filtered resources, i.e. build is platform dependent!
2023-09-25 23:48:12,030 [Worker-1: Building] INFO  o.e.m.c.i.embedder.EclipseLogger - Copying 0 resource
2023-09-25 23:49:04,874 [Worker-11: Building] WARN  o.e.m.c.i.embedder.EclipseLogger - Using platform encoding (MS950 actually) to copy filtered resources, i.e. build is platform dependent!
2023-09-25 23:49:04,875 [Worker-11: Building] INFO  o.e.m.c.i.embedder.EclipseLogger - Copying 0 resource
2023-09-25 23:49:04,877 [Worker-11: Building] WARN  o.e.m.c.i.embedder.EclipseLogger - Using platform encoding (MS950 actually) to copy filtered resources, i.e. build is platform dependent!
2023-09-25 23:49:04,877 [Worker-11: Building] INFO  o.e.m.c.i.embedder.EclipseLogger - Copying 0 resource
2023-09-26 00:51:13,009 [Worker-31: Building] WARN  o.e.m.c.i.embedder.EclipseLogger - Using platform encoding (MS950 actually) to copy filtered resources, i.e. build is platform dependent!
2023-09-26 00:51:13,010 [Worker-31: Building] INFO  o.e.m.c.i.embedder.EclipseLogger - Copying 0 resource
2023-09-26 00:51:13,011 [Worker-31: Building] WARN  o.e.m.c.i.embedder.EclipseLogger - Using platform encoding (MS950 actually) to copy filtered resources, i.e. build is platform dependent!
2023-09-26 00:51:13,012 [Worker-31: Building] INFO  o.e.m.c.i.embedder.EclipseLogger - Copying 0 resource
2023-09-26 00:58:16,027 [Worker-32: Building] WARN  o.e.m.c.i.embedder.EclipseLogger - Using platform encoding (MS950 actually) to copy filtered resources, i.e. build is platform dependent!
2023-09-26 00:58:16,028 [Worker-32: Building] INFO  o.e.m.c.i.embedder.EclipseLogger - Copying 0 resource
2023-09-26 00:58:16,029 [Worker-32: Building] WARN  o.e.m.c.i.embedder.EclipseLogger - Using platform encoding (MS950 actually) to copy filtered resources, i.e. build is platform dependent!
2023-09-26 00:58:16,029 [Worker-32: Building] INFO  o.e.m.c.i.embedder.EclipseLogger - Copying 0 resource
